<?xml version="1.0" encoding="UTF-8"?>

<mule xmlns:ee="http://www.mulesoft.org/schema/mule/ee/core" xmlns:http="http://www.mulesoft.org/schema/mule/http"
	xmlns="http://www.mulesoft.org/schema/mule/core"
	xmlns:doc="http://www.mulesoft.org/schema/mule/documentation" xmlns:xsi="http://www.w3.org/2001/XMLSchema-instance" xsi:schemaLocation="http://www.mulesoft.org/schema/mule/core http://www.mulesoft.org/schema/mule/core/current/mule.xsd
http://www.mulesoft.org/schema/mule/http http://www.mulesoft.org/schema/mule/http/current/mule-http.xsd
http://www.mulesoft.org/schema/mule/ee/core http://www.mulesoft.org/schema/mule/ee/core/current/mule-ee.xsd">
	<http:listener-config name="HTTP_Listener_config" doc:name="HTTP Listener config" doc:id="e7af0bfd-56ca-4f94-bcad-6ad4e9f11808" >
		<http:listener-connection host="0.0.0.0" port="8081" />
	</http:listener-config>
	<flow name="test-charan-sonar-appFlow" doc:id="c15d0a36-c750-4554-b268-a9867c52f659" >
		<http:listener doc:name="Listener" doc:id="dc788d2e-1997-446c-8ed5-ed8d294f68e3" config-ref="HTTP_Listener_config" path="/test"/>
		<ee:transform doc:name="Transform Message" doc:id="a7725b36-657f-4c79-ad81-c07ca7b145d2" >
			<ee:message >
				<ee:set-payload ><![CDATA["hello world how are you"]]></ee:set-payload>
			</ee:message>
		</ee:transform>
	</flow>
</mule>
